d:\shogun-3.0.0\build\src\shogun\shogun.dir\debug\vc120.pdb
d:\shogun-3.0.0\build\src\shogun\shogun.dir\debug\nearestcentroid.obj
d:\shogun-3.0.0\build\src\shogun\shogun.dir\debug\mkloneclass.obj
d:\shogun-3.0.0\build\src\shogun\shogun.dir\debug\mklmulticlassoptimizationbase.obj
d:\shogun-3.0.0\build\src\shogun\shogun.dir\debug\mklmulticlassgradient.obj
d:\shogun-3.0.0\build\src\shogun\shogun.dir\debug\mklmulticlassglpk.obj
d:\shogun-3.0.0\build\src\shogun\shogun.dir\debug\mklmulticlass.obj
d:\shogun-3.0.0\build\src\shogun\shogun.dir\debug\mklclassification.obj
d:\shogun-3.0.0\build\src\shogun\shogun.dir\debug\mkl.obj
d:\shogun-3.0.0\build\src\shogun\shogun.dir\debug\lpm.obj
d:\shogun-3.0.0\build\src\shogun\shogun.dir\debug\lpboost.obj
d:\shogun-3.0.0\build\src\shogun\shogun.dir\debug\lda.obj
d:\shogun-3.0.0\build\src\shogun\shogun.dir\debug\gaussianprocessbinaryclassification.obj
d:\shogun-3.0.0\build\src\shogun\shogun.dir\debug\featureblocklogisticregression.obj
d:\shogun-3.0.0\build\src\shogun\shogun.dir\debug\averagedperceptron.obj
d:\shogun-3.0.0\build\src\shogun\shogun.dir\debug\sgobject.obj
d:\shogun-3.0.0\build\src\shogun\shogun.dir\debug\parametermap.obj
d:\shogun-3.0.0\build\src\shogun\shogun.dir\debug\parameter.obj
d:\shogun-3.0.0\build\src\shogun\shogun.dir\debug\parallel.obj
d:\shogun-3.0.0\build\src\shogun\shogun.dir\debug\init.obj
d:\shogun-3.0.0\build\src\shogun\shogun.dir\debug\svmocas.obj
d:\shogun-3.0.0\build\src\shogun\shogun.dir\debug\svmlin.obj
d:\shogun-3.0.0\build\src\shogun\shogun.dir\debug\svmlightoneclass.obj
d:\shogun-3.0.0\build\src\shogun\shogun.dir\debug\svmlight.obj
d:\shogun-3.0.0\build\src\shogun\shogun.dir\debug\svm.obj
d:\shogun-3.0.0\build\src\shogun\shogun.dir\debug\sgdqn.obj
d:\shogun-3.0.0\build\src\shogun\shogun.dir\debug\qpbsvmlib.obj
d:\shogun-3.0.0\build\src\shogun\shogun.dir\debug\onlinesvmsgd.obj
d:\shogun-3.0.0\build\src\shogun\shogun.dir\debug\onlineliblinear.obj
d:\shogun-3.0.0\build\src\shogun\shogun.dir\debug\newtonsvm.obj
d:\shogun-3.0.0\build\src\shogun\shogun.dir\debug\mpdsvm.obj
d:\shogun-3.0.0\build\src\shogun\shogun.dir\debug\libsvmoneclass.obj
d:\shogun-3.0.0\build\src\shogun\shogun.dir\debug\libsvm.obj
d:\shogun-3.0.0\build\src\shogun\shogun.dir\debug\liblinear.obj
d:\shogun-3.0.0\build\src\shogun\shogun.dir\debug\gpbtsvm.obj
d:\shogun-3.0.0\build\src\shogun\shogun.dir\debug\gnppsvm.obj
d:\shogun-3.0.0\build\src\shogun\shogun.dir\debug\gnpplib.obj
d:\shogun-3.0.0\build\src\shogun\shogun.dir\debug\cplexsvm.obj
d:\shogun-3.0.0\build\src\shogun\shogun.dir\debug\pluginestimate.obj
d:\shogun-3.0.0\build\src\shogun\shogun.dir\debug\perceptron.obj
d:\shogun-3.0.0\build\src\shogun\shogun.dir\debug\embeddingconverter.obj
d:\shogun-3.0.0\build\src\shogun\shogun.dir\debug\diffusionmaps.obj
d:\shogun-3.0.0\build\src\shogun\shogun.dir\debug\kmeans.obj
d:\shogun-3.0.0\build\src\shogun\shogun.dir\debug\hierarchical.obj
d:\shogun-3.0.0\build\src\shogun\shogun.dir\debug\gmm.obj
d:\shogun-3.0.0\build\src\shogun\shogun.dir\debug\vw_math.obj
d:\shogun-3.0.0\build\src\shogun\shogun.dir\debug\vw_label.obj
d:\shogun-3.0.0\build\src\shogun\shogun.dir\debug\vw_example.obj
d:\shogun-3.0.0\build\src\shogun\shogun.dir\debug\vwregressor.obj
d:\shogun-3.0.0\build\src\shogun\shogun.dir\debug\vwparser.obj
d:\shogun-3.0.0\build\src\shogun\shogun.dir\debug\vwenvironment.obj
d:\shogun-3.0.0\build\src\shogun\shogun.dir\debug\vowpalwabbit.obj
d:\shogun-3.0.0\build\src\shogun\shogun.dir\debug\vwnonadaptivelearner.obj
d:\shogun-3.0.0\build\src\shogun\shogun.dir\debug\vwadaptivelearner.obj
d:\shogun-3.0.0\build\src\shogun\shogun.dir\debug\vwnativecachewriter.obj
d:\shogun-3.0.0\build\src\shogun\shogun.dir\debug\vwnativecachereader.obj
d:\shogun-3.0.0\build\src\shogun\shogun.dir\debug\vwcachewriter.obj
d:\shogun-3.0.0\build\src\shogun\shogun.dir\debug\vwcachereader.obj
d:\shogun-3.0.0\build\src\shogun\shogun.dir\debug\wdsvmocas.obj
d:\shogun-3.0.0\build\src\shogun\shogun.dir\debug\svmsgd.obj
d:\shogun-3.0.0\build\src\shogun\shogun.dir\debug\neighborhoodpreservingembedding.obj
d:\shogun-3.0.0\build\src\shogun\shogun.dir\debug\multidimensionalscaling.obj
d:\shogun-3.0.0\build\src\shogun\shogun.dir\debug\manifoldsculpting.obj
d:\shogun-3.0.0\build\src\shogun\shogun.dir\debug\localtangentspacealignment.obj
d:\shogun-3.0.0\build\src\shogun\shogun.dir\debug\locallylinearembedding.obj
d:\shogun-3.0.0\build\src\shogun\shogun.dir\debug\localitypreservingprojections.obj
d:\shogun-3.0.0\build\src\shogun\shogun.dir\debug\linearlocaltangentspacealignment.obj
d:\shogun-3.0.0\build\src\shogun\shogun.dir\debug\laplacianeigenmaps.obj
d:\shogun-3.0.0\build\src\shogun\shogun.dir\debug\kernellocallylinearembedding.obj
d:\shogun-3.0.0\build\src\shogun\shogun.dir\debug\isomap.obj
d:\shogun-3.0.0\build\src\shogun\shogun.dir\debug\uwedgesep.obj
d:\shogun-3.0.0\build\src\shogun\shogun.dir\debug\sobi.obj
d:\shogun-3.0.0\build\src\shogun\shogun.dir\debug\jedisep.obj
d:\shogun-3.0.0\build\src\shogun\shogun.dir\debug\jade.obj
d:\shogun-3.0.0\build\src\shogun\shogun.dir\debug\icaconverter.obj
d:\shogun-3.0.0\build\src\shogun\shogun.dir\debug\ffsep.obj
d:\shogun-3.0.0\build\src\shogun\shogun.dir\debug\fastica.obj
d:\shogun-3.0.0\build\src\shogun\shogun.dir\debug\hessianlocallylinearembedding.obj
d:\shogun-3.0.0\build\src\shogun\shogun.dir\debug\hasheddocconverter.obj
d:\shogun-3.0.0\build\src\shogun\shogun.dir\debug\factoranalysis.obj
d:\shogun-3.0.0\build\src\shogun\shogun.dir\debug\manhattanmetric.obj
d:\shogun-3.0.0\build\src\shogun\shogun.dir\debug\mahalanobisdistance.obj
d:\shogun-3.0.0\build\src\shogun\shogun.dir\debug\kerneldistance.obj
d:\shogun-3.0.0\build\src\shogun\shogun.dir\debug\jensenmetric.obj
d:\shogun-3.0.0\build\src\shogun\shogun.dir\debug\hammingworddistance.obj
d:\shogun-3.0.0\build\src\shogun\shogun.dir\debug\geodesicmetric.obj
d:\shogun-3.0.0\build\src\shogun\shogun.dir\debug\euclideandistance.obj
d:\shogun-3.0.0\build\src\shogun\shogun.dir\debug\distance.obj
d:\shogun-3.0.0\build\src\shogun\shogun.dir\debug\densedistance.obj
d:\shogun-3.0.0\build\src\shogun\shogun.dir\debug\custommahalanobisdistance.obj
d:\shogun-3.0.0\build\src\shogun\shogun.dir\debug\customdistance.obj
d:\shogun-3.0.0\build\src\shogun\shogun.dir\debug\cosinedistance.obj
d:\shogun-3.0.0\build\src\shogun\shogun.dir\debug\chisquaredistance.obj
d:\shogun-3.0.0\build\src\shogun\shogun.dir\debug\chebyshewmetric.obj
d:\shogun-3.0.0\build\src\shogun\shogun.dir\debug\canberraworddistance.obj
d:\shogun-3.0.0\build\src\shogun\shogun.dir\debug\canberrametric.obj
d:\shogun-3.0.0\build\src\shogun\shogun.dir\debug\braycurtisdistance.obj
d:\shogun-3.0.0\build\src\shogun\shogun.dir\debug\attenuatedeuclideandistance.obj
d:\shogun-3.0.0\build\src\shogun\shogun.dir\debug\tdistributedstochasticneighborembedding.obj
d:\shogun-3.0.0\build\src\shogun\shogun.dir\debug\stochasticproximityembedding.obj
d:\shogun-3.0.0\build\src\shogun\shogun.dir\debug\clusteringmutualinformation.obj
d:\shogun-3.0.0\build\src\shogun\shogun.dir\debug\clusteringevaluation.obj
d:\shogun-3.0.0\build\src\shogun\shogun.dir\debug\clusteringaccuracy.obj
d:\shogun-3.0.0\build\src\shogun\shogun.dir\debug\weightedmajorityvote.obj
d:\shogun-3.0.0\build\src\shogun\shogun.dir\debug\meanrule.obj
d:\shogun-3.0.0\build\src\shogun\shogun.dir\debug\majorityvote.obj
d:\shogun-3.0.0\build\src\shogun\shogun.dir\debug\combinationrule.obj
d:\shogun-3.0.0\build\src\shogun\shogun.dir\debug\positionalpwm.obj
d:\shogun-3.0.0\build\src\shogun\shogun.dir\debug\linearhmm.obj
d:\shogun-3.0.0\build\src\shogun\shogun.dir\debug\hmm.obj
d:\shogun-3.0.0\build\src\shogun\shogun.dir\debug\histogram.obj
d:\shogun-3.0.0\build\src\shogun\shogun.dir\debug\ghmm.obj
d:\shogun-3.0.0\build\src\shogun\shogun.dir\debug\gaussian.obj
d:\shogun-3.0.0\build\src\shogun\shogun.dir\debug\distribution.obj
d:\shogun-3.0.0\build\src\shogun\shogun.dir\debug\probabilitydistribution.obj
d:\shogun-3.0.0\build\src\shogun\shogun.dir\debug\gaussiandistribution.obj
d:\shogun-3.0.0\build\src\shogun\shogun.dir\debug\tanimotodistance.obj
d:\shogun-3.0.0\build\src\shogun\shogun.dir\debug\sparseeuclideandistance.obj
d:\shogun-3.0.0\build\src\shogun\shogun.dir\debug\minkowskimetric.obj
d:\shogun-3.0.0\build\src\shogun\shogun.dir\debug\manhattanworddistance.obj
d:\shogun-3.0.0\build\src\shogun\shogun.dir\debug\stratifiedcrossvalidationsplitting.obj
d:\shogun-3.0.0\build\src\shogun\shogun.dir\debug\splittingstrategy.obj
d:\shogun-3.0.0\build\src\shogun\shogun.dir\debug\rocevaluation.obj
d:\shogun-3.0.0\build\src\shogun\shogun.dir\debug\prcevaluation.obj
d:\shogun-3.0.0\build\src\shogun\shogun.dir\debug\multiclassovrevaluation.obj
d:\shogun-3.0.0\build\src\shogun\shogun.dir\debug\multiclassaccuracy.obj
d:\shogun-3.0.0\build\src\shogun\shogun.dir\debug\meansquaredlogerror.obj
d:\shogun-3.0.0\build\src\shogun\shogun.dir\debug\meansquarederror.obj
d:\shogun-3.0.0\build\src\shogun\shogun.dir\debug\meanabsoluteerror.obj
d:\shogun-3.0.0\build\src\shogun\shogun.dir\debug\machineevaluation.obj
d:\shogun-3.0.0\build\src\shogun\shogun.dir\debug\permutationmatrix.obj
d:\shogun-3.0.0\build\src\shogun\shogun.dir\debug\amariindex.obj
d:\shogun-3.0.0\build\src\shogun\shogun.dir\debug\gradientevaluation.obj
d:\shogun-3.0.0\build\src\shogun\shogun.dir\debug\differentiablefunction.obj
d:\shogun-3.0.0\build\src\shogun\shogun.dir\debug\crossvalidationsplitting.obj
d:\shogun-3.0.0\build\src\shogun\shogun.dir\debug\crossvalidationprintoutput.obj
d:\shogun-3.0.0\build\src\shogun\shogun.dir\debug\crossvalidationmulticlassstorage.obj
d:\shogun-3.0.0\build\src\shogun\shogun.dir\debug\crossvalidationmklstorage.obj
d:\shogun-3.0.0\build\src\shogun\shogun.dir\debug\crossvalidation.obj
d:\shogun-3.0.0\build\src\shogun\shogun.dir\debug\contingencytableevaluation.obj
d:\shogun-3.0.0\build\src\shogun\shogun.dir\debug\hashedwdfeaturestransposed.obj
d:\shogun-3.0.0\build\src\shogun\shogun.dir\debug\hashedwdfeatures.obj
d:\shogun-3.0.0\build\src\shogun\shogun.dir\debug\hashedsparsefeatures.obj
d:\shogun-3.0.0\build\src\shogun\shogun.dir\debug\hasheddocdotfeatures.obj
d:\shogun-3.0.0\build\src\shogun\shogun.dir\debug\hasheddensefeatures.obj
d:\shogun-3.0.0\build\src\shogun\shogun.dir\debug\fkfeatures.obj
d:\shogun-3.0.0\build\src\shogun\shogun.dir\debug\features.obj
d:\shogun-3.0.0\build\src\shogun\shogun.dir\debug\factorgraphfeatures.obj
d:\shogun-3.0.0\build\src\shogun\shogun.dir\debug\explicitspecfeatures.obj
d:\shogun-3.0.0\build\src\shogun\shogun.dir\debug\dummyfeatures.obj
d:\shogun-3.0.0\build\src\shogun\shogun.dir\debug\dotfeatures.obj
d:\shogun-3.0.0\build\src\shogun\shogun.dir\debug\densesubsetfeatures.obj
d:\shogun-3.0.0\build\src\shogun\shogun.dir\debug\densefeatures.obj
d:\shogun-3.0.0\build\src\shogun\shogun.dir\debug\datagenerator.obj
d:\shogun-3.0.0\build\src\shogun\shogun.dir\debug\combinedfeatures.obj
d:\shogun-3.0.0\build\src\shogun\shogun.dir\debug\combineddotfeatures.obj
d:\shogun-3.0.0\build\src\shogun\shogun.dir\debug\binneddotfeatures.obj
d:\shogun-3.0.0\build\src\shogun\shogun.dir\debug\attributefeatures.obj
d:\shogun-3.0.0\build\src\shogun\shogun.dir\debug\alphabet.obj
d:\shogun-3.0.0\build\src\shogun\shogun.dir\debug\structuredaccuracy.obj
d:\shogun-3.0.0\build\src\shogun\shogun.dir\debug\streamingsparsefeatures.obj
d:\shogun-3.0.0\build\src\shogun\shogun.dir\debug\streaminghashedsparsefeatures.obj
d:\shogun-3.0.0\build\src\shogun\shogun.dir\debug\streaminghasheddocdotfeatures.obj
d:\shogun-3.0.0\build\src\shogun\shogun.dir\debug\streaminghasheddensefeatures.obj
d:\shogun-3.0.0\build\src\shogun\shogun.dir\debug\streamingfeatures.obj
d:\shogun-3.0.0\build\src\shogun\shogun.dir\debug\streamingdotfeatures.obj
d:\shogun-3.0.0\build\src\shogun\shogun.dir\debug\streamingdensefeatures.obj
d:\shogun-3.0.0\build\src\shogun\shogun.dir\debug\meanshiftdatagenerator.obj
d:\shogun-3.0.0\build\src\shogun\shogun.dir\debug\gaussianblobsdatagenerator.obj
d:\shogun-3.0.0\build\src\shogun\shogun.dir\debug\sparsepolyfeatures.obj
d:\shogun-3.0.0\build\src\shogun\shogun.dir\debug\sparsefeatures.obj
d:\shogun-3.0.0\build\src\shogun\shogun.dir\debug\snpfeatures.obj
d:\shogun-3.0.0\build\src\shogun\shogun.dir\debug\realfilefeatures.obj
d:\shogun-3.0.0\build\src\shogun\shogun.dir\debug\randomkitchensinksdotfeatures.obj
d:\shogun-3.0.0\build\src\shogun\shogun.dir\debug\randomfourierdotfeatures.obj
d:\shogun-3.0.0\build\src\shogun\shogun.dir\debug\polyfeatures.obj
d:\shogun-3.0.0\build\src\shogun\shogun.dir\debug\matrixfeatures.obj
d:\shogun-3.0.0\build\src\shogun\shogun.dir\debug\lbppyrdotfeatures.obj
d:\shogun-3.0.0\build\src\shogun\shogun.dir\debug\latentfeatures.obj
d:\shogun-3.0.0\build\src\shogun\shogun.dir\debug\implicitweightedspecfeatures.obj
d:\shogun-3.0.0\build\src\shogun\shogun.dir\debug\serializableasciireader00.obj
d:\shogun-3.0.0\build\src\shogun\shogun.dir\debug\serializableasciifile.obj
d:\shogun-3.0.0\build\src\shogun\shogun.dir\debug\protobuffile.obj
d:\shogun-3.0.0\build\src\shogun\shogun.dir\debug\parser.obj
d:\shogun-3.0.0\build\src\shogun\shogun.dir\debug\mldatahdf5file.obj
d:\shogun-3.0.0\build\src\shogun\shogun.dir\debug\linereader.obj
d:\shogun-3.0.0\build\src\shogun\shogun.dir\debug\libsvmfile.obj
d:\shogun-3.0.0\build\src\shogun\shogun.dir\debug\hdf5file.obj
d:\shogun-3.0.0\build\src\shogun\shogun.dir\debug\file.obj
d:\shogun-3.0.0\build\src\shogun\shogun.dir\debug\csvfile.obj
d:\shogun-3.0.0\build\src\shogun\shogun.dir\debug\binaryfile.obj
d:\shogun-3.0.0\build\src\shogun\shogun.dir\debug\wdfeatures.obj
d:\shogun-3.0.0\build\src\shogun\shogun.dir\debug\topfeatures.obj
d:\shogun-3.0.0\build\src\shogun\shogun.dir\debug\subsetstack.obj
d:\shogun-3.0.0\build\src\shogun\shogun.dir\debug\subset.obj
d:\shogun-3.0.0\build\src\shogun\shogun.dir\debug\streamingvwfeatures.obj
d:\shogun-3.0.0\build\src\shogun\shogun.dir\debug\streamingstringfeatures.obj
d:\shogun-3.0.0\build\src\shogun\shogun.dir\debug\combinedkernel.obj
d:\shogun-3.0.0\build\src\shogun\shogun.dir\debug\circularkernel.obj
d:\shogun-3.0.0\build\src\shogun\shogun.dir\debug\chi2kernel.obj
d:\shogun-3.0.0\build\src\shogun\shogun.dir\debug\cauchykernel.obj
d:\shogun-3.0.0\build\src\shogun\shogun.dir\debug\besselkernel.obj
d:\shogun-3.0.0\build\src\shogun\shogun.dir\debug\auckernel.obj
d:\shogun-3.0.0\build\src\shogun\shogun.dir\debug\anovakernel.obj
d:\shogun-3.0.0\build\src\shogun\shogun.dir\debug\streamingvwfile.obj
d:\shogun-3.0.0\build\src\shogun\shogun.dir\debug\streamingvwcachefile.obj
d:\shogun-3.0.0\build\src\shogun\shogun.dir\debug\streamingfilefromfeatures.obj
d:\shogun-3.0.0\build\src\shogun\shogun.dir\debug\streamingfile.obj
d:\shogun-3.0.0\build\src\shogun\shogun.dir\debug\streamingasciifile.obj
d:\shogun-3.0.0\build\src\shogun\shogun.dir\debug\serializablexmlreader00.obj
d:\shogun-3.0.0\build\src\shogun\shogun.dir\debug\serializablexmlfile.obj
d:\shogun-3.0.0\build\src\shogun\shogun.dir\debug\serializablejsonreader00.obj
d:\shogun-3.0.0\build\src\shogun\shogun.dir\debug\serializablejsonfile.obj
d:\shogun-3.0.0\build\src\shogun\shogun.dir\debug\serializablehdf5reader00.obj
d:\shogun-3.0.0\build\src\shogun\shogun.dir\debug\serializablehdf5file.obj
d:\shogun-3.0.0\build\src\shogun\shogun.dir\debug\serializablefile.obj
d:\shogun-3.0.0\build\src\shogun\shogun.dir\debug\productkernel.obj
d:\shogun-3.0.0\build\src\shogun\shogun.dir\debug\powerkernel.obj
d:\shogun-3.0.0\build\src\shogun\shogun.dir\debug\polykernel.obj
d:\shogun-3.0.0\build\src\shogun\shogun.dir\debug\multiquadrickernel.obj
d:\shogun-3.0.0\build\src\shogun\shogun.dir\debug\logkernel.obj
d:\shogun-3.0.0\build\src\shogun\shogun.dir\debug\linearkernel.obj
d:\shogun-3.0.0\build\src\shogun\shogun.dir\debug\linearardkernel.obj
d:\shogun-3.0.0\build\src\shogun\shogun.dir\debug\kernel.obj
d:\shogun-3.0.0\build\src\shogun\shogun.dir\debug\jensenshannonkernel.obj
d:\shogun-3.0.0\build\src\shogun\shogun.dir\debug\inversemultiquadrickernel.obj
d:\shogun-3.0.0\build\src\shogun\shogun.dir\debug\histogramintersectionkernel.obj
d:\shogun-3.0.0\build\src\shogun\shogun.dir\debug\gaussianshortrealkernel.obj
d:\shogun-3.0.0\build\src\shogun\shogun.dir\debug\gaussianshiftkernel.obj
d:\shogun-3.0.0\build\src\shogun\shogun.dir\debug\gaussiankernel.obj
d:\shogun-3.0.0\build\src\shogun\shogun.dir\debug\gaussianardkernel.obj
d:\shogun-3.0.0\build\src\shogun\shogun.dir\debug\exponentialkernel.obj
d:\shogun-3.0.0\build\src\shogun\shogun.dir\debug\distancekernel.obj
d:\shogun-3.0.0\build\src\shogun\shogun.dir\debug\diagkernel.obj
d:\shogun-3.0.0\build\src\shogun\shogun.dir\debug\customkernel.obj
d:\shogun-3.0.0\build\src\shogun\shogun.dir\debug\constkernel.obj
d:\shogun-3.0.0\build\src\shogun\shogun.dir\debug\salzbergwordstringkernel.obj
d:\shogun-3.0.0\build\src\shogun\shogun.dir\debug\regulatorymodulesstringkernel.obj
d:\shogun-3.0.0\build\src\shogun\shogun.dir\debug\polymatchwordstringkernel.obj
d:\shogun-3.0.0\build\src\shogun\shogun.dir\debug\polymatchstringkernel.obj
d:\shogun-3.0.0\build\src\shogun\shogun.dir\debug\oligostringkernel.obj
d:\shogun-3.0.0\build\src\shogun\shogun.dir\debug\matchwordstringkernel.obj
d:\shogun-3.0.0\build\src\shogun\shogun.dir\debug\localityimprovedstringkernel.obj
d:\shogun-3.0.0\build\src\shogun\shogun.dir\debug\localalignmentstringkernel.obj
d:\shogun-3.0.0\build\src\shogun\shogun.dir\debug\linearstringkernel.obj
d:\shogun-3.0.0\build\src\shogun\shogun.dir\debug\histogramwordstringkernel.obj
d:\shogun-3.0.0\build\src\shogun\shogun.dir\debug\gaussianmatchstringkernel.obj
d:\shogun-3.0.0\build\src\shogun\shogun.dir\debug\fixeddegreestringkernel.obj
d:\shogun-3.0.0\build\src\shogun\shogun.dir\debug\distantsegmentskernel.obj
d:\shogun-3.0.0\build\src\shogun\shogun.dir\debug\commwordstringkernel.obj
d:\shogun-3.0.0\build\src\shogun\shogun.dir\debug\commulongstringkernel.obj
d:\shogun-3.0.0\build\src\shogun\shogun.dir\debug\splinekernel.obj
d:\shogun-3.0.0\build\src\shogun\shogun.dir\debug\sphericalkernel.obj
d:\shogun-3.0.0\build\src\shogun\shogun.dir\debug\sigmoidkernel.obj
d:\shogun-3.0.0\build\src\shogun\shogun.dir\debug\rationalquadratickernel.obj
d:\shogun-3.0.0\build\src\shogun\shogun.dir\debug\pyramidchi2.obj
d:\shogun-3.0.0\build\src\shogun\shogun.dir\debug\multiclasslabels.obj
d:\shogun-3.0.0\build\src\shogun\shogun.dir\debug\latentlabels.obj
d:\shogun-3.0.0\build\src\shogun\shogun.dir\debug\labelsfactory.obj
d:\shogun-3.0.0\build\src\shogun\shogun.dir\debug\labels.obj
d:\shogun-3.0.0\build\src\shogun\shogun.dir\debug\factorgraphlabels.obj
d:\shogun-3.0.0\build\src\shogun\shogun.dir\debug\denselabels.obj
d:\shogun-3.0.0\build\src\shogun\shogun.dir\debug\binarylabels.obj
d:\shogun-3.0.0\build\src\shogun\shogun.dir\debug\weighteddegreerbfkernel.obj
d:\shogun-3.0.0\build\src\shogun\shogun.dir\debug\waveletkernel.obj
d:\shogun-3.0.0\build\src\shogun\shogun.dir\debug\wavekernel.obj
d:\shogun-3.0.0\build\src\shogun\shogun.dir\debug\tstudentkernel.obj
d:\shogun-3.0.0\build\src\shogun\shogun.dir\debug\tensorproductpairkernel.obj
d:\shogun-3.0.0\build\src\shogun\shogun.dir\debug\weighteddegreestringkernel.obj
d:\shogun-3.0.0\build\src\shogun\shogun.dir\debug\weighteddegreepositionstringkernel.obj
d:\shogun-3.0.0\build\src\shogun\shogun.dir\debug\weightedcommwordstringkernel.obj
d:\shogun-3.0.0\build\src\shogun\shogun.dir\debug\spectrumrbfkernel.obj
d:\shogun-3.0.0\build\src\shogun\shogun.dir\debug\spectrummismatchrbfkernel.obj
d:\shogun-3.0.0\build\src\shogun\shogun.dir\debug\sparsespatialsamplestringkernel.obj
d:\shogun-3.0.0\build\src\shogun\shogun.dir\debug\snpstringkernel.obj
d:\shogun-3.0.0\build\src\shogun\shogun.dir\debug\simplelocalityimprovedstringkernel.obj
d:\shogun-3.0.0\build\src\shogun\shogun.dir\debug\gpdtsolve.obj
d:\shogun-3.0.0\build\src\shogun\shogun.dir\debug\gpdt.obj
d:\shogun-3.0.0\build\src\shogun\shogun.dir\debug\brent.obj
d:\shogun-3.0.0\build\src\shogun\shogun.dir\debug\delimitertokenizer.obj
d:\shogun-3.0.0\build\src\shogun\shogun.dir\debug\datatype.obj
d:\shogun-3.0.0\build\src\shogun\shogun.dir\debug\data.obj
d:\shogun-3.0.0\build\src\shogun\shogun.dir\debug\vectorresult.obj
d:\shogun-3.0.0\build\src\shogun\shogun.dir\debug\scalarresult.obj
d:\shogun-3.0.0\build\src\shogun\shogun.dir\debug\serialcomputationengine.obj
d:\shogun-3.0.0\build\src\shogun\shogun.dir\debug\storevectoraggregator.obj
d:\shogun-3.0.0\build\src\shogun\shogun.dir\debug\storescalaraggregator.obj
d:\shogun-3.0.0\build\src\shogun\shogun.dir\debug\compressor.obj
d:\shogun-3.0.0\build\src\shogun\shogun.dir\debug\circularbuffer.obj
d:\shogun-3.0.0\build\src\shogun\shogun.dir\debug\latentsvm.obj
d:\shogun-3.0.0\build\src\shogun\shogun.dir\debug\latentsosvm.obj
d:\shogun-3.0.0\build\src\shogun\shogun.dir\debug\latentmodel.obj
d:\shogun-3.0.0\build\src\shogun\shogun.dir\debug\directorlatentmodel.obj
d:\shogun-3.0.0\build\src\shogun\shogun.dir\debug\structuredlabels.obj
d:\shogun-3.0.0\build\src\shogun\shogun.dir\debug\regressionlabels.obj
d:\shogun-3.0.0\build\src\shogun\shogun.dir\debug\multiclassmultipleoutputlabels.obj
d:\shogun-3.0.0\build\src\shogun\shogun.dir\debug\sgmatrix.obj
d:\shogun-3.0.0\build\src\shogun\shogun.dir\debug\refcount.obj
d:\shogun-3.0.0\build\src\shogun\shogun.dir\debug\ngramtokenizer.obj
d:\shogun-3.0.0\build\src\shogun\shogun.dir\debug\memory.obj
d:\shogun-3.0.0\build\src\shogun\shogun.dir\debug\malsar_low_rank.obj
d:\shogun-3.0.0\build\src\shogun\shogun.dir\debug\malsar_joint_feature_learning.obj
d:\shogun-3.0.0\build\src\shogun\shogun.dir\debug\malsar_clustered.obj
d:\shogun-3.0.0\build\src\shogun\shogun.dir\debug\lock.obj
d:\shogun-3.0.0\build\src\shogun\shogun.dir\debug\indexblocktree.obj
d:\shogun-3.0.0\build\src\shogun\shogun.dir\debug\indexblockrelation.obj
d:\shogun-3.0.0\build\src\shogun\shogun.dir\debug\indexblockgroup.obj
d:\shogun-3.0.0\build\src\shogun\shogun.dir\debug\indexblock.obj
d:\shogun-3.0.0\build\src\shogun\shogun.dir\debug\ssl.obj
d:\shogun-3.0.0\build\src\shogun\shogun.dir\debug\shogun_libsvm.obj
d:\shogun-3.0.0\build\src\shogun\shogun.dir\debug\pr_loqo.obj
d:\shogun-3.0.0\build\src\shogun\shogun.dir\debug\libqp_splx.obj
d:\shogun-3.0.0\build\src\shogun\shogun.dir\debug\libqp_gsmo.obj
d:\shogun-3.0.0\build\src\shogun\shogun.dir\debug\libocas.obj
d:\shogun-3.0.0\build\src\shogun\shogun.dir\debug\gpm.obj
d:\shogun-3.0.0\build\src\shogun\shogun.dir\debug\invcov.obj
d:\shogun-3.0.0\build\src\shogun\shogun.dir\debug\slep_solver.obj
d:\shogun-3.0.0\build\src\shogun\shogun.dir\debug\slep_mc_tree_lr.obj
d:\shogun-3.0.0\build\src\shogun\shogun.dir\debug\slep_mc_plain_lr.obj
d:\shogun-3.0.0\build\src\shogun\shogun.dir\debug\eppmatrix.obj
d:\shogun-3.0.0\build\src\shogun\shogun.dir\debug\epph.obj
d:\shogun-3.0.0\build\src\shogun\shogun.dir\debug\overlapping.obj
d:\shogun-3.0.0\build\src\shogun\shogun.dir\debug\tesla_proj.obj
d:\shogun-3.0.0\build\src\shogun\shogun.dir\debug\sfa.obj
d:\shogun-3.0.0\build\src\shogun\shogun.dir\debug\flsa.obj
d:\shogun-3.0.0\build\src\shogun\shogun.dir\debug\signal.obj
d:\shogun-3.0.0\build\src\shogun\shogun.dir\debug\shogunexception.obj
d:\shogun-3.0.0\build\src\shogun\shogun.dir\debug\sgvector.obj
d:\shogun-3.0.0\build\src\shogun\shogun.dir\debug\sgstringlist.obj
d:\shogun-3.0.0\build\src\shogun\shogun.dir\debug\sgstring.obj
d:\shogun-3.0.0\build\src\shogun\shogun.dir\debug\sgsparsevector.obj
d:\shogun-3.0.0\build\src\shogun\shogun.dir\debug\sgsparsematrix.obj
d:\shogun-3.0.0\build\src\shogun\shogun.dir\debug\sgreferenceddata.obj
d:\shogun-3.0.0\build\src\shogun\shogun.dir\debug\sgndarray.obj
d:\shogun-3.0.0\build\src\shogun\shogun.dir\debug\sgmatrixlist.obj
d:\shogun-3.0.0\build\src\shogun\shogun.dir\debug\fitcinferencemethod.obj
d:\shogun-3.0.0\build\src\shogun\shogun.dir\debug\exactinferencemethod.obj
d:\shogun-3.0.0\build\src\shogun\shogun.dir\debug\epinferencemethod.obj
d:\shogun-3.0.0\build\src\shogun\shogun.dir\debug\gaussianprocessmachine.obj
d:\shogun-3.0.0\build\src\shogun\shogun.dir\debug\distancemachine.obj
d:\shogun-3.0.0\build\src\shogun\shogun.dir\debug\basemulticlassmachine.obj
d:\shogun-3.0.0\build\src\shogun\shogun.dir\debug\baggingmachine.obj
d:\shogun-3.0.0\build\src\shogun\shogun.dir\debug\squaredloss.obj
d:\shogun-3.0.0\build\src\shogun\shogun.dir\debug\squaredhingeloss.obj
d:\shogun-3.0.0\build\src\shogun\shogun.dir\debug\smoothhingeloss.obj
d:\shogun-3.0.0\build\src\shogun\shogun.dir\debug\loglossmargin.obj
d:\shogun-3.0.0\build\src\shogun\shogun.dir\debug\logloss.obj
d:\shogun-3.0.0\build\src\shogun\shogun.dir\debug\hingeloss.obj
d:\shogun-3.0.0\build\src\shogun\shogun.dir\debug\trie.obj
d:\shogun-3.0.0\build\src\shogun\shogun.dir\debug\tokenizer.obj
d:\shogun-3.0.0\build\src\shogun\shogun.dir\debug\time.obj
d:\shogun-3.0.0\build\src\shogun\shogun.dir\debug\tapkee_shogun.obj
d:\shogun-3.0.0\build\src\shogun\shogun.dir\debug\structureddata.obj
d:\shogun-3.0.0\build\src\shogun\shogun.dir\debug\general_altra.obj
d:\shogun-3.0.0\build\src\shogun\shogun.dir\debug\altra.obj
d:\shogun-3.0.0\build\src\shogun\shogun.dir\debug\jadiag.obj
d:\shogun-3.0.0\build\src\shogun\shogun.dir\debug\ffdiag.obj
d:\shogun-3.0.0\build\src\shogun\shogun.dir\debug\structuredoutputmachine.obj
d:\shogun-3.0.0\build\src\shogun\shogun.dir\debug\onlinelinearmachine.obj
d:\shogun-3.0.0\build\src\shogun\shogun.dir\debug\multiclassmachine.obj
d:\shogun-3.0.0\build\src\shogun\shogun.dir\debug\machine.obj
d:\shogun-3.0.0\build\src\shogun\shogun.dir\debug\linearstructuredoutputmachine.obj
d:\shogun-3.0.0\build\src\shogun\shogun.dir\debug\linearmachine.obj
d:\shogun-3.0.0\build\src\shogun\shogun.dir\debug\linearlatentmachine.obj
d:\shogun-3.0.0\build\src\shogun\shogun.dir\debug\kernelstructuredoutputmachine.obj
d:\shogun-3.0.0\build\src\shogun\shogun.dir\debug\kernelmulticlassmachine.obj
d:\shogun-3.0.0\build\src\shogun\shogun.dir\debug\kernelmachine.obj
d:\shogun-3.0.0\build\src\shogun\shogun.dir\debug\zeromean.obj
d:\shogun-3.0.0\build\src\shogun\shogun.dir\debug\studentstlikelihood.obj
d:\shogun-3.0.0\build\src\shogun\shogun.dir\debug\probitlikelihood.obj
d:\shogun-3.0.0\build\src\shogun\shogun.dir\debug\logitlikelihood.obj
d:\shogun-3.0.0\build\src\shogun\shogun.dir\debug\likelihoodmodel.obj
d:\shogun-3.0.0\build\src\shogun\shogun.dir\debug\laplacianinferencemethod.obj
d:\shogun-3.0.0\build\src\shogun\shogun.dir\debug\inferencemethod.obj
d:\shogun-3.0.0\build\src\shogun\shogun.dir\debug\gaussianlikelihood.obj
d:\shogun-3.0.0\build\src\shogun\shogun.dir\debug\directsparselinearsolver.obj
d:\shogun-3.0.0\build\src\shogun\shogun.dir\debug\directlinearsolvercomplex.obj
d:\shogun-3.0.0\build\src\shogun\shogun.dir\debug\conjugateorthogonalcgsolver.obj
d:\shogun-3.0.0\build\src\shogun\shogun.dir\debug\conjugategradientsolver.obj
d:\shogun-3.0.0\build\src\shogun\shogun.dir\debug\cgmshiftedfamilysolver.obj
d:\shogun-3.0.0\build\src\shogun\shogun.dir\debug\sparsematrixoperator.obj
d:\shogun-3.0.0\build\src\shogun\shogun.dir\debug\matrixoperator.obj
d:\shogun-3.0.0\build\src\shogun\shogun.dir\debug\linearoperator.obj
d:\shogun-3.0.0\build\src\shogun\shogun.dir\debug\densematrixoperator.obj
d:\shogun-3.0.0\build\src\shogun\shogun.dir\debug\lanczoseigensolver.obj
d:\shogun-3.0.0\build\src\shogun\shogun.dir\debug\directeigensolver.obj
d:\shogun-3.0.0\build\src\shogun\shogun.dir\debug\lapack.obj
d:\shogun-3.0.0\build\src\shogun\shogun.dir\debug\jacobiellipticfunctions.obj
d:\shogun-3.0.0\build\src\shogun\shogun.dir\debug\integration.obj
d:\shogun-3.0.0\build\src\shogun\shogun.dir\debug\eigen3.obj
d:\shogun-3.0.0\build\src\shogun\shogun.dir\debug\cplex.obj
d:\shogun-3.0.0\build\src\shogun\shogun.dir\debug\uwedge.obj
d:\shogun-3.0.0\build\src\shogun\shogun.dir\debug\qdiag.obj
d:\shogun-3.0.0\build\src\shogun\shogun.dir\debug\jedidiag.obj
d:\shogun-3.0.0\build\src\shogun\shogun.dir\debug\jadiagorth.obj
d:\shogun-3.0.0\build\src\shogun\shogun.dir\debug\sparseinversecovariance.obj
d:\shogun-3.0.0\build\src\shogun\shogun.dir\debug\random.obj
d:\shogun-3.0.0\build\src\shogun\shogun.dir\debug\munkres.obj
d:\shogun-3.0.0\build\src\shogun\shogun.dir\debug\mosek.obj
d:\shogun-3.0.0\build\src\shogun\shogun.dir\debug\math.obj
d:\shogun-3.0.0\build\src\shogun\shogun.dir\debug\probingsampler.obj
d:\shogun-3.0.0\build\src\shogun\shogun.dir\debug\normalsampler.obj
d:\shogun-3.0.0\build\src\shogun\shogun.dir\debug\rationalapproximation.obj
d:\shogun-3.0.0\build\src\shogun\shogun.dir\debug\operatorfunction.obj
d:\shogun-3.0.0\build\src\shogun\shogun.dir\debug\logrationalapproximationindividual.obj
d:\shogun-3.0.0\build\src\shogun\shogun.dir\debug\logrationalapproximationcgm.obj
d:\shogun-3.0.0\build\src\shogun\shogun.dir\debug\densematrixexactlog.obj
d:\shogun-3.0.0\build\src\shogun\shogun.dir\debug\logdetestimator.obj
d:\shogun-3.0.0\build\src\shogun\shogun.dir\debug\rationalapproximationindividualjob.obj
d:\shogun-3.0.0\build\src\shogun\shogun.dir\debug\rationalapproximationcgmjob.obj
d:\shogun-3.0.0\build\src\shogun\shogun.dir\debug\denseexactlogjob.obj
d:\shogun-3.0.0\build\src\shogun\shogun.dir\debug\individualjobresultaggregator.obj
d:\shogun-3.0.0\build\src\shogun\shogun.dir\debug\linearsolver.obj
d:\shogun-3.0.0\build\src\shogun\shogun.dir\debug\iterativeshiftedlinearfamilysolver.obj
d:\shogun-3.0.0\build\src\shogun\shogun.dir\debug\iterativelinearsolver.obj
d:\shogun-3.0.0\build\src\shogun\shogun.dir\debug\ecocstrategy.obj
d:\shogun-3.0.0\build\src\shogun\shogun.dir\debug\ecocsimpledecoder.obj
d:\shogun-3.0.0\build\src\shogun\shogun.dir\debug\ecocrandomsparseencoder.obj
d:\shogun-3.0.0\build\src\shogun\shogun.dir\debug\ecocrandomdenseencoder.obj
d:\shogun-3.0.0\build\src\shogun\shogun.dir\debug\ecocovrencoder.obj
d:\shogun-3.0.0\build\src\shogun\shogun.dir\debug\ecocovoencoder.obj
d:\shogun-3.0.0\build\src\shogun\shogun.dir\debug\ecocllbdecoder.obj
d:\shogun-3.0.0\build\src\shogun\shogun.dir\debug\ecocihddecoder.obj
d:\shogun-3.0.0\build\src\shogun\shogun.dir\debug\ecocforestencoder.obj
d:\shogun-3.0.0\build\src\shogun\shogun.dir\debug\ecocdiscriminantencoder.obj
d:\shogun-3.0.0\build\src\shogun\shogun.dir\debug\ecocdecoder.obj
d:\shogun-3.0.0\build\src\shogun\shogun.dir\debug\randomsearchmodelselection.obj
d:\shogun-3.0.0\build\src\shogun\shogun.dir\debug\parametercombination.obj
d:\shogun-3.0.0\build\src\shogun\shogun.dir\debug\modelselectionparameters.obj
d:\shogun-3.0.0\build\src\shogun\shogun.dir\debug\modelselection.obj
d:\shogun-3.0.0\build\src\shogun\shogun.dir\debug\gridsearchmodelselection.obj
d:\shogun-3.0.0\build\src\shogun\shogun.dir\debug\gradientmodelselection.obj
d:\shogun-3.0.0\build\src\shogun\shogun.dir\debug\lmnnimpl.obj
d:\shogun-3.0.0\build\src\shogun\shogun.dir\debug\lmnn.obj
d:\shogun-3.0.0\build\src\shogun\shogun.dir\debug\statistics.obj
d:\shogun-3.0.0\build\src\shogun\shogun.dir\debug\balancedconditionalprobabilitytree.obj
d:\shogun-3.0.0\build\src\shogun\shogun.dir\debug\shareboostoptimizer.obj
d:\shogun-3.0.0\build\src\shogun\shogun.dir\debug\shareboost.obj
d:\shogun-3.0.0\build\src\shogun\shogun.dir\debug\scattersvm.obj
d:\shogun-3.0.0\build\src\shogun\shogun.dir\debug\qda.obj
d:\shogun-3.0.0\build\src\shogun\shogun.dir\debug\multiclasstreeguidedlogisticregression.obj
d:\shogun-3.0.0\build\src\shogun\shogun.dir\debug\multiclasssvm.obj
d:\shogun-3.0.0\build\src\shogun\shogun.dir\debug\multiclassstrategy.obj
d:\shogun-3.0.0\build\src\shogun\shogun.dir\debug\multiclassonevsreststrategy.obj
d:\shogun-3.0.0\build\src\shogun\shogun.dir\debug\multiclassonevsonestrategy.obj
d:\shogun-3.0.0\build\src\shogun\shogun.dir\debug\multiclassocas.obj
d:\shogun-3.0.0\build\src\shogun\shogun.dir\debug\multiclasslogisticregression.obj
d:\shogun-3.0.0\build\src\shogun\shogun.dir\debug\multiclasslibsvm.obj
d:\shogun-3.0.0\build\src\shogun\shogun.dir\debug\multiclassliblinear.obj
d:\shogun-3.0.0\build\src\shogun\shogun.dir\debug\mclda.obj
d:\shogun-3.0.0\build\src\shogun\shogun.dir\debug\larank.obj
d:\shogun-3.0.0\build\src\shogun\shogun.dir\debug\knn.obj
d:\shogun-3.0.0\build\src\shogun\shogun.dir\debug\gmnpsvm.obj
d:\shogun-3.0.0\build\src\shogun\shogun.dir\debug\gmnplib.obj
d:\shogun-3.0.0\build\src\shogun\shogun.dir\debug\gaussiannaivebayes.obj
d:\shogun-3.0.0\build\src\shogun\shogun.dir\debug\rescalefeatures.obj
d:\shogun-3.0.0\build\src\shogun\shogun.dir\debug\randomfouriergausspreproc.obj
d:\shogun-3.0.0\build\src\shogun\shogun.dir\debug\prunevarsubmean.obj
d:\shogun-3.0.0\build\src\shogun\shogun.dir\debug\pnorm.obj
d:\shogun-3.0.0\build\src\shogun\shogun.dir\debug\pca.obj
d:\shogun-3.0.0\build\src\shogun\shogun.dir\debug\normone.obj
d:\shogun-3.0.0\build\src\shogun\shogun.dir\debug\logplusone.obj
d:\shogun-3.0.0\build\src\shogun\shogun.dir\debug\kernelpca.obj
d:\shogun-3.0.0\build\src\shogun\shogun.dir\debug\homogeneouskernelmap.obj
d:\shogun-3.0.0\build\src\shogun\shogun.dir\debug\dimensionreductionpreprocessor.obj
d:\shogun-3.0.0\build\src\shogun\shogun.dir\debug\densepreprocessor.obj
d:\shogun-3.0.0\build\src\shogun\shogun.dir\debug\decompressstring.obj
d:\shogun-3.0.0\build\src\shogun\shogun.dir\debug\tron.obj
d:\shogun-3.0.0\build\src\shogun\shogun.dir\debug\shogun_liblinear.obj
d:\shogun-3.0.0\build\src\shogun\shogun.dir\debug\lbfgs.obj
d:\shogun-3.0.0\build\src\shogun\shogun.dir\debug\vwconditionalprobabilitytree.obj
d:\shogun-3.0.0\build\src\shogun\shogun.dir\debug\relaxedtreeutil.obj
d:\shogun-3.0.0\build\src\shogun\shogun.dir\debug\relaxedtree.obj
d:\shogun-3.0.0\build\src\shogun\shogun.dir\debug\randomconditionalprobabilitytree.obj
d:\shogun-3.0.0\build\src\shogun\shogun.dir\debug\conditionalprobabilitytree.obj
d:\shogun-3.0.0\build\src\shogun\shogun.dir\debug\mmdkernelselectioncombmaxl2.obj
d:\shogun-3.0.0\build\src\shogun\shogun.dir\debug\mmdkernelselectioncomb.obj
d:\shogun-3.0.0\build\src\shogun\shogun.dir\debug\mmdkernelselection.obj
d:\shogun-3.0.0\build\src\shogun\shogun.dir\debug\lineartimemmd.obj
d:\shogun-3.0.0\build\src\shogun\shogun.dir\debug\kerneltwosampleteststatistic.obj
d:\shogun-3.0.0\build\src\shogun\shogun.dir\debug\kernelmeanmatching.obj
d:\shogun-3.0.0\build\src\shogun\shogun.dir\debug\kernelindependenceteststatistic.obj
d:\shogun-3.0.0\build\src\shogun\shogun.dir\debug\hsic.obj
d:\shogun-3.0.0\build\src\shogun\shogun.dir\debug\svrlight.obj
d:\shogun-3.0.0\build\src\shogun\shogun.dir\debug\mklregression.obj
d:\shogun-3.0.0\build\src\shogun\shogun.dir\debug\libsvr.obj
d:\shogun-3.0.0\build\src\shogun\shogun.dir\debug\liblinearregression.obj
d:\shogun-3.0.0\build\src\shogun\shogun.dir\debug\linearridgeregression.obj
d:\shogun-3.0.0\build\src\shogun\shogun.dir\debug\leastsquaresregression.obj
d:\shogun-3.0.0\build\src\shogun\shogun.dir\debug\leastangleregression.obj
d:\shogun-3.0.0\build\src\shogun\shogun.dir\debug\kernelridgeregression.obj
d:\shogun-3.0.0\build\src\shogun\shogun.dir\debug\gaussianprocessregression.obj
d:\shogun-3.0.0\build\src\shogun\shogun.dir\debug\sumone.obj
d:\shogun-3.0.0\build\src\shogun\shogun.dir\debug\sortwordstring.obj
d:\shogun-3.0.0\build\src\shogun\shogun.dir\debug\sortulongstring.obj
d:\shogun-3.0.0\build\src\shogun\shogun.dir\debug\libbmrm.obj
d:\shogun-3.0.0\build\src\shogun\shogun.dir\debug\intronlist.obj
d:\shogun-3.0.0\build\src\shogun\shogun.dir\debug\hmsvmmodel.obj
d:\shogun-3.0.0\build\src\shogun\shogun.dir\debug\factortype.obj
d:\shogun-3.0.0\build\src\shogun\shogun.dir\debug\factorgraphmodel.obj
d:\shogun-3.0.0\build\src\shogun\shogun.dir\debug\factorgraph.obj
d:\shogun-3.0.0\build\src\shogun\shogun.dir\debug\factor.obj
d:\shogun-3.0.0\build\src\shogun\shogun.dir\debug\dynprog.obj
d:\shogun-3.0.0\build\src\shogun\shogun.dir\debug\duallibqpbmsosvm.obj
d:\shogun-3.0.0\build\src\shogun\shogun.dir\debug\disjointset.obj
d:\shogun-3.0.0\build\src\shogun\shogun.dir\debug\directorstructuredmodel.obj
d:\shogun-3.0.0\build\src\shogun\shogun.dir\debug\ccsosvm.obj
d:\shogun-3.0.0\build\src\shogun\shogun.dir\debug\beliefpropagation.obj
d:\shogun-3.0.0\build\src\shogun\shogun.dir\debug\twodistributionsteststatistic.obj
d:\shogun-3.0.0\build\src\shogun\shogun.dir\debug\teststatistic.obj
d:\shogun-3.0.0\build\src\shogun\shogun.dir\debug\quadratictimemmd.obj
d:\shogun-3.0.0\build\src\shogun\shogun.dir\debug\mmdkernelselectionopt.obj
d:\shogun-3.0.0\build\src\shogun\shogun.dir\debug\mmdkernelselectionmedian.obj
d:\shogun-3.0.0\build\src\shogun\shogun.dir\debug\mmdkernelselectionmax.obj
d:\shogun-3.0.0\build\src\shogun\shogun.dir\debug\mmdkernelselectioncombopt.obj
d:\shogun-3.0.0\build\src\shogun\shogun.dir\debug\domainadaptationsvmlinear.obj
d:\shogun-3.0.0\build\src\shogun\shogun.dir\debug\domainadaptationsvm.obj
d:\shogun-3.0.0\build\src\shogun\shogun.dir\debug\domainadaptationmulticlassliblinear.obj
d:\shogun-3.0.0\build\src\shogun\shogun.dir\debug\twostatemodel.obj
d:\shogun-3.0.0\build\src\shogun\shogun.dir\debug\structuredmodel.obj
d:\shogun-3.0.0\build\src\shogun\shogun.dir\debug\stochasticsosvm.obj
d:\shogun-3.0.0\build\src\shogun\shogun.dir\debug\statemodel.obj
d:\shogun-3.0.0\build\src\shogun\shogun.dir\debug\sosvmhelper.obj
d:\shogun-3.0.0\build\src\shogun\shogun.dir\debug\sequencelabels.obj
d:\shogun-3.0.0\build\src\shogun\shogun.dir\debug\segmentloss.obj
d:\shogun-3.0.0\build\src\shogun\shogun.dir\debug\primalmoseksosvm.obj
d:\shogun-3.0.0\build\src\shogun\shogun.dir\debug\plifmatrix.obj
d:\shogun-3.0.0\build\src\shogun\shogun.dir\debug\plifarray.obj
d:\shogun-3.0.0\build\src\shogun\shogun.dir\debug\plif.obj
d:\shogun-3.0.0\build\src\shogun\shogun.dir\debug\multiclasssolabels.obj
d:\shogun-3.0.0\build\src\shogun\shogun.dir\debug\multiclassmodel.obj
d:\shogun-3.0.0\build\src\shogun\shogun.dir\debug\mapinference.obj
d:\shogun-3.0.0\build\src\shogun\shogun.dir\debug\libppbm.obj
d:\shogun-3.0.0\build\src\shogun\shogun.dir\debug\libp3bm.obj
d:\shogun-3.0.0\build\src\shogun\shogun.dir\debug\libncbm.obj
d:\shogun-3.0.0\build\src\shogun\shogun.dir\debug\guipluginestimate.obj
d:\shogun-3.0.0\build\src\shogun\shogun.dir\debug\guimath.obj
d:\shogun-3.0.0\build\src\shogun\shogun.dir\debug\guilabels.obj
d:\shogun-3.0.0\build\src\shogun\shogun.dir\debug\guikernel.obj
d:\shogun-3.0.0\build\src\shogun\shogun.dir\debug\guihmm.obj
d:\shogun-3.0.0\build\src\shogun\shogun.dir\debug\guifeatures.obj
d:\shogun-3.0.0\build\src\shogun\shogun.dir\debug\guidistance.obj
d:\shogun-3.0.0\build\src\shogun\shogun.dir\debug\guiconverter.obj
d:\shogun-3.0.0\build\src\shogun\shogun.dir\debug\guiclassifier.obj
d:\shogun-3.0.0\build\src\shogun\shogun.dir\debug\tasktree.obj
d:\shogun-3.0.0\build\src\shogun\shogun.dir\debug\taskgroup.obj
d:\shogun-3.0.0\build\src\shogun\shogun.dir\debug\task.obj
d:\shogun-3.0.0\build\src\shogun\shogun.dir\debug\multitasktracelogisticregression.obj
d:\shogun-3.0.0\build\src\shogun\shogun.dir\debug\multitaskrocevaluation.obj
d:\shogun-3.0.0\build\src\shogun\shogun.dir\debug\multitasklogisticregression.obj
d:\shogun-3.0.0\build\src\shogun\shogun.dir\debug\multitasklinearmachine.obj
d:\shogun-3.0.0\build\src\shogun\shogun.dir\debug\multitaskleastsquaresregression.obj
d:\shogun-3.0.0\build\src\shogun\shogun.dir\debug\multitaskl12logisticregression.obj
d:\shogun-3.0.0\build\src\shogun\shogun.dir\debug\multitaskclusteredlogisticregression.obj
d:\shogun-3.0.0\build\src\shogun\shogun.dir\debug\liblinearmtl.obj
d:\shogun-3.0.0\build\src\shogun\shogun.dir\debug\sginterface.obj
d:\shogun-3.0.0\build\src\shogun\shogun.dir\debug\guitime.obj
d:\shogun-3.0.0\build\src\shogun\shogun.dir\debug\guistructure.obj
d:\shogun-3.0.0\build\src\shogun\shogun.dir\debug\guipreprocessor.obj
d:\shogun-3.0.0\build\src\shogun\shogun.dir\debug\stringfeatures.obj
d:\shogun-3.0.0\build\src\shogun\shogun.dir\debug\stringfilefeatures.obj
d:\shogun-3.0.0\build\src\shogun\shogun.dir\debug\sgio.obj
d:\shogun-3.0.0\build\src\shogun\shogun.dir\debug\iobuffer.obj
d:\shogun-3.0.0\build\src\shogun\shogun.dir\debug\hash.obj
d:\shogun-3.0.0\build\src\shogun\cmakefiles\generate.stamp
d:\shogun-3.0.0\src\shogun\base\class_list.cpp
d:\shogun-3.0.0\build\src\shogun\shogun.dir\debug\shogun.tlog\cl.command.1.tlog
d:\shogun-3.0.0\build\src\shogun\shogun.dir\debug\shogun.tlog\cl.read.1.tlog
d:\shogun-3.0.0\build\src\shogun\shogun.dir\debug\shogun.tlog\cl.write.1.tlog
d:\shogun-3.0.0\build\src\shogun\shogun.dir\debug\shogun.tlog\custombuild.command.1.tlog
d:\shogun-3.0.0\build\src\shogun\shogun.dir\debug\shogun.tlog\custombuild.read.1.tlog
d:\shogun-3.0.0\build\src\shogun\shogun.dir\debug\shogun.tlog\custombuild.write.1.tlog
