documentation for "distance_euclidean.sg" (file "descriptions/static/distance_euclidean.txt") missing
documentation for "mkl_multiclass.sg" (file "descriptions/static/mkl_multiclass.txt") missing
documentation for "foo.R" (file "descriptions/static/foo.txt") missing
documentation for "octave_matplotlib.m" (file "descriptions/static/octave_matplotlib.txt") missing
documentation for "octave_to_python.m" (file "descriptions/static/octave_to_python.txt") missing
documentation for "octave_to_r.m" (file "descriptions/static/octave_to_r.txt") missing
documentation for "python_to_octave.py" (file "descriptions/static/python_to_octave.txt") missing
documentation for "r_to_octave.m" (file "descriptions/static/r_to_octave.txt") missing
documentation for "r_to_python.R" (file "descriptions/static/r_to_python.txt") missing
documentation for "misc_pr_loqo.m" (file "descriptions/static/misc_pr_loqo.txt") missing
documentation for "mkl_classify_christmas_star.m" (file "descriptions/static/mkl_classify_christmas_star.txt") missing
documentation for "mkl_multiclass.m" (file "descriptions/static/mkl_multiclass.txt") missing
documentation for "mkl_regression_3sine_waves.m" (file "descriptions/static/mkl_regression_3sine_waves.txt") missing
documentation for "mkl_regression_sine.m" (file "descriptions/static/mkl_regression_sine.txt") missing
documentation for "kernel_pluginestimatehistogram.py" (file "descriptions/static/kernel_pluginestimatehistogram.txt") missing
documentation for "mkl_multiclass.py" (file "descriptions/static/mkl_multiclass.txt") missing
documentation for "mkl_regression.py" (file "descriptions/static/mkl_regression.txt") missing
documentation for "mkl_twoclass.py" (file "descriptions/static/mkl_twoclass.txt") missing
documentation for "multiclass_gmnpsvm.py" (file "descriptions/static/multiclass_gmnpsvm.txt") missing
documentation for "multiclass_multiclasslibsvm.py" (file "descriptions/static/multiclass_multiclasslibsvm.txt") missing
documentation for "mkl_classify_christmas_star.R" (file "descriptions/static/mkl_classify_christmas_star.txt") missing
documentation for "mkl_multiclass.R" (file "descriptions/static/mkl_multiclass.txt") missing
documentation for "mkl_regression_3sine_waves.R" (file "descriptions/static/mkl_regression_3sine_waves.txt") missing
documentation for "mkl_regression_sine.R" (file "descriptions/static/mkl_regression_sine.txt") missing
documentation for "mkl_wd.R" (file "descriptions/static/mkl_wd.txt") missing
documentation for "classifier_multiclasslibsvm_modular.m" (file "descriptions/modular/classifier_multiclasslibsvm.txt") missing
documentation for "classifier_newtonsvm_modular.m" (file "descriptions/modular/classifier_newtonsvm.txt") missing
documentation for "classifier_svm_serialize_modular.m" (file "descriptions/modular/classifier_svm_serialize.txt") missing
documentation for "regression_kernel_ridge_modular.m" (file "descriptions/modular/regression_kernel_ridge.txt") missing
documentation for "classifier_conjugateindex_modular.py" (file "descriptions/modular/classifier_conjugateindex.txt") missing
documentation for "classifier_multiclass_ecoc_discriminant.py" (file "descriptions/modular/classifier_multiclass_ecoc_discriminant.txt") missing
documentation for "classifier_multiclass_ecoc_ovr.py" (file "descriptions/modular/classifier_multiclass_ecoc_ovr.txt") missing
documentation for "classifier_multiclass_ecoc.py" (file "descriptions/modular/classifier_multiclass_ecoc.txt") missing
documentation for "classifier_multiclass_ecoc_random.py" (file "descriptions/modular/classifier_multiclass_ecoc_random.txt") missing
documentation for "classifier_multiclassliblinear_modular.py" (file "descriptions/modular/classifier_multiclassliblinear.txt") missing
documentation for "classifier_multiclasslibsvm_modular.py" (file "descriptions/modular/classifier_multiclasslibsvm.txt") missing
documentation for "classifier_multiclasslinearmachine_modular.py" (file "descriptions/modular/classifier_multiclasslinearmachine.txt") missing
documentation for "classifier_multiclassmachine_modular.py" (file "descriptions/modular/classifier_multiclassmachine.txt") missing
documentation for "classifier_multiclassocas_modular.py" (file "descriptions/modular/classifier_multiclassocas.txt") missing
documentation for "classifier_multiclass_shared.py" (file "descriptions/modular/classifier_multiclass_shared.txt") missing
documentation for "classifier_qda_modular.py" (file "descriptions/modular/classifier_qda.txt") missing
documentation for "converter_diffusionmaps_modular.py" (file "descriptions/modular/converter_diffusionmaps.txt") missing
documentation for "converter_kernellocaltangentspacealignment_modular.py" (file "descriptions/modular/converter_kernellocaltangentspacealignment.txt") missing
documentation for "converter_linearlocaltangentspacealignment_modular.py" (file "descriptions/modular/converter_linearlocaltangentspacealignment.txt") missing
documentation for "converter_localitypreservingprojections_modular.py" (file "descriptions/modular/converter_localitypreservingprojections.txt") missing
documentation for "converter_stochasticproximityembedding_modular.py" (file "descriptions/modular/converter_stochasticproximityembedding.txt") missing
documentation for "distance_director_euclidian_modular.py" (file "descriptions/modular/distance_director_euclidian.txt") missing
documentation for "distance_mahalanobis_modular.py" (file "descriptions/modular/distance_mahalanobis.txt") missing
documentation for "evaluation_clustering.py" (file "descriptions/modular/evaluation_clustering.txt") missing
documentation for "evaluation_cross_validation_classification.py" (file "descriptions/modular/evaluation_cross_validation_classification.txt") missing
documentation for "evaluation_cross_validation_regression.py" (file "descriptions/modular/evaluation_cross_validation_regression.txt") missing
documentation for "evaluation_meansquaredlogerror_modular.py" (file "descriptions/modular/evaluation_meansquaredlogerror.txt") missing
documentation for "evaluation_thresholds_modular.py" (file "descriptions/modular/evaluation_thresholds.txt") missing
documentation for "features_binned_dot_modular.py" (file "descriptions/modular/features_binned_dot.txt") missing
documentation for "features_dense_byte_modular.py" (file "descriptions/modular/features_dense_byte.txt") missing
documentation for "features_dense_longint_modular.py" (file "descriptions/modular/features_dense_longint.txt") missing
documentation for "features_dense_modular.py" (file "descriptions/modular/features_dense.txt") missing
documentation for "features_dense_real_modular.py" (file "descriptions/modular/features_dense_real.txt") missing
documentation for "features_director_dot__modular.py" (file "descriptions/modular/features_director_dot_.txt") missing
documentation for "kernel_director_linear_modular.py" (file "descriptions/modular/kernel_director_linear.txt") missing
documentation for "library_fisher2x3_modular.py" (file "descriptions/modular/library_fisher2x3.txt") missing
documentation for "library_time.py" (file "descriptions/modular/library_time.txt") missing
documentation for "mathematics_sparseinversecovariance_modular.py" (file "descriptions/modular/mathematics_sparseinversecovariance.txt") missing
documentation for "modelselection_grid_search_kernel.py" (file "descriptions/modular/modelselection_grid_search_kernel.txt") missing
documentation for "modelselection_grid_search_krr_modular.py" (file "descriptions/modular/modelselection_grid_search_krr.txt") missing
documentation for "modelselection_grid_search_liblinear_modular.py" (file "descriptions/modular/modelselection_grid_search_liblinear.txt") missing
documentation for "modelselection_grid_search_libsvr_modular.py" (file "descriptions/modular/modelselection_grid_search_libsvr.txt") missing
documentation for "preprocessor_dimensionreductionpreprocessor_modular.py" (file "descriptions/modular/preprocessor_dimensionreductionpreprocessor.txt") missing
documentation for "regression_gaussian_process_modular.py" (file "descriptions/modular/regression_gaussian_process.txt") missing
documentation for "regression_kernel_ridge_modular.py" (file "descriptions/modular/regression_kernel_ridge.txt") missing
documentation for "regression_least_squares_modular.py" (file "descriptions/modular/regression_least_squares.txt") missing
documentation for "regression_linear_ridge_modular.py" (file "descriptions/modular/regression_linear_ridge.txt") missing
documentation for "so_multiclass.py" (file "descriptions/modular/so_multiclass.txt") missing
documentation for "streaming_vw_createcache_modular.py" (file "descriptions/modular/streaming_vw_createcache.txt") missing
documentation for "streaming_vw_modular.py" (file "descriptions/modular/streaming_vw.txt") missing
documentation for "tests_check_commwordkernel_memleak_modular.py" (file "descriptions/modular/tests_check_commwordkernel_memleak.txt") missing
documentation for "transfer_multitask_group_regression.py" (file "descriptions/modular/transfer_multitask_group_regression.txt") missing
documentation for "classifier_multiclasslibsvm_modular.R" (file "descriptions/modular/classifier_multiclasslibsvm.txt") missing
documentation for "features_dense_real_modular.lua" (file "descriptions/modular/features_dense_real.txt") missing
documentation for "load.lua" (file "descriptions/modular/load.txt") missing
documentation for "classifier_multiclasslibsvm_modular.cs" (file "descriptions/modular/classifier_multiclasslibsvm.txt") missing
documentation for "features_dense_real_modular.cs" (file "descriptions/modular/features_dense_real.txt") missing
documentation for "Load.cs" (file "descriptions/modular/Load.txt") missing
documentation for "MatrixTest.cs" (file "descriptions/modular/MatrixTest.txt") missing
documentation for "minimal_test.cs" (file "descriptions/modular/minimal_test.txt") missing
documentation for "preprocessor_prubevarsubmean_modular.cs" (file "descriptions/modular/preprocessor_prubevarsubmean.txt") missing
documentation for "VectorTest.cs" (file "descriptions/modular/VectorTest.txt") missing
documentation for "load.rb" (file "descriptions/modular/load.txt") missing
documentation for "classifier_multiclasslibsvm_modular.java" (file "descriptions/modular/classifier_multiclasslibsvm.txt") missing
documentation for "features_dense_modular.java" (file "descriptions/modular/features_dense.txt") missing
documentation for "foo_uncompressed.str" (file "descriptions/modular/foo_uncompressed.txt") missing
documentation for "Load.java" (file "descriptions/modular/Load.txt") missing
documentation for "tests_check_commwordkernel_memleak_modular.java" (file "descriptions/modular/tests_check_commwordkernel_memleak.txt") missing
